
*** Error line 3.
	x+1.0;
             ^
*** Incompatible operands: vec2 + float


*** Error line 5.
	vac4 + 1.5;
             ^
*** No declaration found for variable 'vac4'


*** Error line 6.
	1.0+true;
                ^
*** Incompatible operands: float + bool


*** Error line 7.
	x+1;
           ^
*** Incompatible operands: vec2 + int


*** Error line 8.
	x*2.0;
             ^
*** Incompatible operands: vec2 * float


*** Error line 10.
	b*x;
           ^
*** Incompatible operands: mat4 * vec2


*** Error line 11.
	b*1;
           ^
*** Incompatible operands: mat4 * int

